mode: atomic
github.com/gabriellafis/realtime-ml-serving-api/main.go:49.13,59.16 3 1
github.com/gabriellafis/realtime-ml-serving-api/main.go:59.16,61.3 1 1
github.com/gabriellafis/realtime-ml-serving-api/main.go:61.8,63.3 1 0
github.com/gabriellafis/realtime-ml-serving-api/main.go:66.13,93.12 10 0
github.com/gabriellafis/realtime-ml-serving-api/main.go:93.12,95.77 2 0
github.com/gabriellafis/realtime-ml-serving-api/main.go:95.77,97.4 1 0
github.com/gabriellafis/realtime-ml-serving-api/main.go:101.2,110.42 7 0
github.com/gabriellafis/realtime-ml-serving-api/main.go:110.42,112.3 1 0
github.com/gabriellafis/realtime-ml-serving-api/main.go:114.2,114.30 1 0
github.com/gabriellafis/realtime-ml-serving-api/main.go:117.34,123.2 1 2
github.com/gabriellafis/realtime-ml-serving-api/main.go:125.30,129.47 3 214
github.com/gabriellafis/realtime-ml-serving-api/main.go:129.47,132.3 2 1
github.com/gabriellafis/realtime-ml-serving-api/main.go:135.2,141.16 5 213
github.com/gabriellafis/realtime-ml-serving-api/main.go:141.16,145.3 2 0
github.com/gabriellafis/realtime-ml-serving-api/main.go:145.8,160.3 4 213
github.com/gabriellafis/realtime-ml-serving-api/main.go:163.2,167.33 4 213
github.com/gabriellafis/realtime-ml-serving-api/main.go:170.64,174.29 2 215
github.com/gabriellafis/realtime-ml-serving-api/main.go:174.29,176.3 1 859
github.com/gabriellafis/realtime-ml-serving-api/main.go:178.2,179.16 2 215
github.com/gabriellafis/realtime-ml-serving-api/main.go:179.16,181.3 1 214
github.com/gabriellafis/realtime-ml-serving-api/main.go:183.2,185.32 2 215
github.com/gabriellafis/realtime-ml-serving-api/main.go:188.33,206.2 2 2
github.com/gabriellafis/realtime-ml-serving-api/main.go:208.33,215.2 1 2
github.com/gabriellafis/realtime-ml-serving-api/main.go:217.39,218.30 1 2
github.com/gabriellafis/realtime-ml-serving-api/main.go:218.30,223.36 4 6
github.com/gabriellafis/realtime-ml-serving-api/main.go:223.36,226.4 2 0
github.com/gabriellafis/realtime-ml-serving-api/main.go:228.3,228.11 1 6
github.com/gabriellafis/realtime-ml-serving-api/main.go:232.42,233.30 1 1
github.com/gabriellafis/realtime-ml-serving-api/main.go:233.30,243.3 4 5
github.com/gabriellafis/realtime-ml-serving-api/main.go:246.46,248.17 2 2
github.com/gabriellafis/realtime-ml-serving-api/main.go:248.17,250.3 1 2
github.com/gabriellafis/realtime-ml-serving-api/main.go:251.2,251.14 1 0
